<?xml version="1.0" encoding="UTF-8"?>
<!-- Generated by org.testng.reporters.JUnitReportReporter -->
<testsuite hostname="DEV-BA" name="probandoMaven.bc" tests="1" failures="0" timestamp="4 Nov 2016 13:15:11 GMT" time="16,711" errors="0">
  <testcase name="abriendoBrowser" time="16,711" classname="probandoMaven.bc"/>
</testsuite>
