<?xml version="1.0" encoding="UTF-8"?>
<!-- Generated by org.testng.reporters.JUnitReportReporter -->
<testsuite hostname="DEV-BA" name="probandoMaven.VerifyTitle" tests="1" failures="0" timestamp="4 Nov 2016 12:52:06 GMT" time="22,742" errors="0">
  <testcase name="test123" time="22,742" classname="probandoMaven.VerifyTitle"/>
</testsuite>
